[2018-08-03 17:54:45.695] [ERROR] log_file - 子进程退出,code:12,signal:null
[2018-08-03 17:56:42.303] [ERROR] log_file - 子进程退出,code:12,signal:null
[2018-08-03 17:57:42.252] [ERROR] log_file - 子进程退出,code:12,signal:null
[2018-08-03 17:58:24.202] [ERROR] log_file - 子进程退出,code:12,signal:null
[2018-08-03 18:03:55.068] [ERROR] log_file - 子进程退出,code:12,signal:null
[2018-08-03 18:03:58.637] [ERROR] log_file - 子进程退出,code:12,signal:null
[2018-08-03 18:03:58.744] [ERROR] log_file - 子进程退出,code:12,signal:null
[2018-08-03 18:03:58.829] [ERROR] log_file - 子进程退出,code:12,signal:null
[2018-08-03 18:03:58.919] [ERROR] log_file - 子进程退出,code:12,signal:null
[2018-08-03 18:03:59.002] [ERROR] log_file - 子进程退出,code:12,signal:null
[2018-08-03 18:03:59.085] [ERROR] log_file - 子进程退出,code:12,signal:null
[2018-08-03 18:03:59.167] [ERROR] log_file - 子进程退出,code:12,signal:null
[2018-08-03 18:03:59.254] [ERROR] log_file - 子进程退出,code:12,signal:null
[2018-08-03 18:03:59.334] [ERROR] log_file - 子进程退出,code:12,signal:null
[2018-08-03 18:03:59.413] [ERROR] log_file - 子进程退出,code:12,signal:null
[2018-08-03 18:03:59.494] [ERROR] log_file - 子进程退出,code:12,signal:null
[2018-08-03 18:03:59.576] [ERROR] log_file - 子进程退出,code:12,signal:null
[2018-08-03 18:03:59.653] [ERROR] log_file - 子进程退出,code:12,signal:null
[2018-08-03 18:03:59.735] [ERROR] log_file - 子进程退出,code:12,signal:null
[2018-08-03 18:03:59.815] [ERROR] log_file - 子进程退出,code:12,signal:null
[2018-08-03 18:03:59.904] [ERROR] log_file - 子进程退出,code:12,signal:null
[2018-08-03 18:03:59.985] [ERROR] log_file - 子进程退出,code:12,signal:null
[2018-08-03 18:04:00.066] [ERROR] log_file - 子进程退出,code:12,signal:null
[2018-08-03 18:04:00.143] [ERROR] log_file - 子进程退出,code:12,signal:null
[2018-08-03 18:04:00.220] [ERROR] log_file - 子进程退出,code:12,signal:null
[2018-08-03 18:04:00.305] [ERROR] log_file - 子进程退出,code:12,signal:null
[2018-08-03 18:04:00.388] [ERROR] log_file - 子进程退出,code:12,signal:null
[2018-08-03 18:04:00.464] [ERROR] log_file - 子进程退出,code:12,signal:null
[2018-08-03 18:04:00.551] [ERROR] log_file - 子进程退出,code:12,signal:null
[2018-08-03 18:04:00.629] [ERROR] log_file - 子进程退出,code:12,signal:null
[2018-08-03 18:04:00.715] [ERROR] log_file - 子进程退出,code:12,signal:null
[2018-08-03 18:04:00.796] [ERROR] log_file - 子进程退出,code:12,signal:null
[2018-08-03 18:04:00.880] [ERROR] log_file - 子进程退出,code:12,signal:null
[2018-08-03 18:04:00.958] [ERROR] log_file - 子进程退出,code:12,signal:null
[2018-08-03 18:04:01.035] [ERROR] log_file - 子进程退出,code:12,signal:null
[2018-08-03 18:04:01.113] [ERROR] log_file - 子进程退出,code:12,signal:null
[2018-08-03 18:04:01.191] [ERROR] log_file - 子进程退出,code:12,signal:null
[2018-08-03 18:04:01.267] [ERROR] log_file - 子进程退出,code:12,signal:null
[2018-08-03 18:04:01.348] [ERROR] log_file - 子进程退出,code:12,signal:null
[2018-08-03 18:04:01.433] [ERROR] log_file - 子进程退出,code:12,signal:null
[2018-08-03 18:04:01.517] [ERROR] log_file - 子进程退出,code:12,signal:null
[2018-08-03 18:04:01.596] [ERROR] log_file - 子进程退出,code:12,signal:null
[2018-08-03 18:04:01.679] [ERROR] log_file - 子进程退出,code:12,signal:null
[2018-08-03 18:04:01.756] [ERROR] log_file - 子进程退出,code:12,signal:null
[2018-08-03 18:04:01.834] [ERROR] log_file - 子进程退出,code:12,signal:null
[2018-08-03 18:04:01.917] [ERROR] log_file - 子进程退出,code:12,signal:null
[2018-08-03 18:04:02.003] [ERROR] log_file - 子进程退出,code:12,signal:null
[2018-08-03 18:04:02.083] [ERROR] log_file - 子进程退出,code:12,signal:null
[2018-08-03 18:04:02.161] [ERROR] log_file - 子进程退出,code:12,signal:null
[2018-08-03 18:04:02.237] [ERROR] log_file - 子进程退出,code:12,signal:null
[2018-08-03 18:04:02.316] [ERROR] log_file - 子进程退出,code:12,signal:null
[2018-08-03 18:04:02.391] [ERROR] log_file - 子进程退出,code:12,signal:null
[2018-08-03 18:04:02.470] [ERROR] log_file - 子进程退出,code:12,signal:null
[2018-08-03 18:04:02.556] [ERROR] log_file - 子进程退出,code:12,signal:null
[2018-08-03 18:04:02.639] [ERROR] log_file - 子进程退出,code:12,signal:null
[2018-08-03 18:04:02.723] [ERROR] log_file - 子进程退出,code:12,signal:null
[2018-08-03 18:04:02.805] [ERROR] log_file - 子进程退出,code:12,signal:null
[2018-08-03 18:04:02.886] [ERROR] log_file - 子进程退出,code:12,signal:null
[2018-08-03 18:04:02.968] [ERROR] log_file - 子进程退出,code:12,signal:null
[2018-08-03 18:04:03.047] [ERROR] log_file - 子进程退出,code:12,signal:null
[2018-08-03 18:04:03.129] [ERROR] log_file - 子进程退出,code:12,signal:null
[2018-08-03 18:04:03.209] [ERROR] log_file - 子进程退出,code:12,signal:null
[2018-08-03 18:04:03.288] [ERROR] log_file - 子进程退出,code:12,signal:null
[2018-08-03 18:04:03.366] [ERROR] log_file - 子进程退出,code:12,signal:null
[2018-08-03 18:04:03.444] [ERROR] log_file - 子进程退出,code:12,signal:null
[2018-08-03 18:04:03.525] [ERROR] log_file - 子进程退出,code:12,signal:null
[2018-08-03 18:04:03.603] [ERROR] log_file - 子进程退出,code:12,signal:null
[2018-08-03 18:04:03.687] [ERROR] log_file - 子进程退出,code:12,signal:null
[2018-08-03 18:04:03.771] [ERROR] log_file - 子进程退出,code:12,signal:null
[2018-08-03 18:04:03.854] [ERROR] log_file - 子进程退出,code:12,signal:null
[2018-08-03 18:04:04.011] [ERROR] log_file - 子进程退出,code:12,signal:null
[2018-08-03 18:04:04.193] [ERROR] log_file - 子进程退出,code:12,signal:null
[2018-08-03 18:04:04.361] [ERROR] log_file - 子进程退出,code:12,signal:null
[2018-08-03 18:04:04.474] [ERROR] log_file - 子进程退出,code:12,signal:null
[2018-08-03 18:04:04.579] [ERROR] log_file - 子进程退出,code:12,signal:null
[2018-08-03 18:04:04.683] [ERROR] log_file - 子进程退出,code:12,signal:null
[2018-08-03 18:04:04.778] [ERROR] log_file - 子进程退出,code:12,signal:null
[2018-08-03 18:04:04.861] [ERROR] log_file - 子进程退出,code:12,signal:null
[2018-08-03 18:04:04.953] [ERROR] log_file - 子进程退出,code:12,signal:null
[2018-08-03 18:04:05.040] [ERROR] log_file - 子进程退出,code:12,signal:null
[2018-08-03 18:04:05.128] [ERROR] log_file - 子进程退出,code:12,signal:null
[2018-08-03 18:04:05.206] [ERROR] log_file - 子进程退出,code:12,signal:null
[2018-08-03 18:04:05.285] [ERROR] log_file - 子进程退出,code:12,signal:null
[2018-08-03 18:04:05.367] [ERROR] log_file - 子进程退出,code:12,signal:null
[2018-08-03 18:04:05.452] [ERROR] log_file - 子进程退出,code:12,signal:null
[2018-08-03 18:04:05.546] [ERROR] log_file - 子进程退出,code:12,signal:null
[2018-08-03 18:04:05.633] [ERROR] log_file - 子进程退出,code:12,signal:null
[2018-08-03 18:04:05.755] [ERROR] log_file - 子进程退出,code:12,signal:null
[2018-08-03 18:04:05.873] [ERROR] log_file - 子进程退出,code:12,signal:null
[2018-08-03 18:06:32.160] [ERROR] log_file - Error: ENOENT: no such file or directory, open 'E:\Web_EMS\pweb_productList\pweb_saas\BI\template\pageHead.html'
    at Object.fs.openSync (fs.js:646:18)
    at fs.readFileSync (fs.js:551:33)
    at Object.exports.parse (E:\Web_EMS\pweb_productList\pweb_saas\node_modules\public_nodejs\ejs\lib\ejs.js:159:19)
    at exports.compile (E:\Web_EMS\pweb_productList\pweb_saas\node_modules\public_nodejs\ejs\lib\ejs.js:223:15)
    at Object.exports.render (E:\Web_EMS\pweb_productList\pweb_saas\node_modules\public_nodejs\ejs\lib\ejs.js:283:10)
    at View.exports.renderFile [as engine] (E:\Web_EMS\pweb_productList\pweb_saas\node_modules\public_nodejs\ejs\lib\ejs.js:317:20)
    at View.render (E:\Web_EMS\pweb_productList\pweb_saas\node_modules\public_nodejs\express\lib\view.js:76:8)
    at Function.app.render (E:\Web_EMS\pweb_productList\pweb_saas\node_modules\public_nodejs\express\lib\application.js:506:10)
    at ServerResponse.res.render (E:\Web_EMS\pweb_productList\pweb_saas\node_modules\public_nodejs\express\lib\response.js:759:7)
    at E:\Web_EMS\pweb_productList\pweb_saas\BI\controller\controller.js:10:7
[2018-08-03 18:42:17.415] [ERROR] log_file - TypeError: menu.multiple.concat is not a function
    at E:\Web_EMS\pweb_productList\pweb_saas\BI\controller\controller.js:15:28
    at callbacks (E:\Web_EMS\pweb_productList\pweb_saas\node_modules\public_nodejs\express\lib\router\index.js:164:37)
    at param (E:\Web_EMS\pweb_productList\pweb_saas\node_modules\public_nodejs\express\lib\router\index.js:138:11)
    at pass (E:\Web_EMS\pweb_productList\pweb_saas\node_modules\public_nodejs\express\lib\router\index.js:145:5)
    at nextRoute (E:\Web_EMS\pweb_productList\pweb_saas\node_modules\public_nodejs\express\lib\router\index.js:100:7)
    at callbacks (E:\Web_EMS\pweb_productList\pweb_saas\node_modules\public_nodejs\express\lib\router\index.js:167:11)
    at E:\Web_EMS\pweb_productList\pweb_saas\node_modules\common\publicRouter.js:28:9
    at callbacks (E:\Web_EMS\pweb_productList\pweb_saas\node_modules\public_nodejs\express\lib\router\index.js:164:37)
    at param (E:\Web_EMS\pweb_productList\pweb_saas\node_modules\public_nodejs\express\lib\router\index.js:138:11)
    at pass (E:\Web_EMS\pweb_productList\pweb_saas\node_modules\public_nodejs\express\lib\router\index.js:145:5)
[2018-08-03 18:42:33.134] [ERROR] log_file - TypeError: menu.multiple.concat is not a function
    at E:\Web_EMS\pweb_productList\pweb_saas\BI\controller\controller.js:15:28
    at callbacks (E:\Web_EMS\pweb_productList\pweb_saas\node_modules\public_nodejs\express\lib\router\index.js:164:37)
    at param (E:\Web_EMS\pweb_productList\pweb_saas\node_modules\public_nodejs\express\lib\router\index.js:138:11)
    at pass (E:\Web_EMS\pweb_productList\pweb_saas\node_modules\public_nodejs\express\lib\router\index.js:145:5)
    at nextRoute (E:\Web_EMS\pweb_productList\pweb_saas\node_modules\public_nodejs\express\lib\router\index.js:100:7)
    at callbacks (E:\Web_EMS\pweb_productList\pweb_saas\node_modules\public_nodejs\express\lib\router\index.js:167:11)
    at E:\Web_EMS\pweb_productList\pweb_saas\node_modules\common\publicRouter.js:28:9
    at callbacks (E:\Web_EMS\pweb_productList\pweb_saas\node_modules\public_nodejs\express\lib\router\index.js:164:37)
    at param (E:\Web_EMS\pweb_productList\pweb_saas\node_modules\public_nodejs\express\lib\router\index.js:138:11)
    at pass (E:\Web_EMS\pweb_productList\pweb_saas\node_modules\public_nodejs\express\lib\router\index.js:145:5)
[2018-08-03 18:44:53.776] [ERROR] log_file - Error: ENOENT: no such file or directory, open 'E:\Web_EMS\pweb_productList\pweb_saas\BI\views\pages\type.ejs'
    at Object.fs.openSync (fs.js:646:18)
    at fs.readFileSync (fs.js:551:33)
    at Object.exports.parse (E:\Web_EMS\pweb_productList\pweb_saas\node_modules\public_nodejs\ejs\lib\ejs.js:159:19)
    at exports.compile (E:\Web_EMS\pweb_productList\pweb_saas\node_modules\public_nodejs\ejs\lib\ejs.js:223:15)
    at Object.exports.render (E:\Web_EMS\pweb_productList\pweb_saas\node_modules\public_nodejs\ejs\lib\ejs.js:283:10)
    at View.exports.renderFile [as engine] (E:\Web_EMS\pweb_productList\pweb_saas\node_modules\public_nodejs\ejs\lib\ejs.js:317:20)
    at View.render (E:\Web_EMS\pweb_productList\pweb_saas\node_modules\public_nodejs\express\lib\view.js:76:8)
    at Function.app.render (E:\Web_EMS\pweb_productList\pweb_saas\node_modules\public_nodejs\express\lib\application.js:506:10)
    at ServerResponse.res.render (E:\Web_EMS\pweb_productList\pweb_saas\node_modules\public_nodejs\express\lib\response.js:759:7)
    at E:\Web_EMS\pweb_productList\pweb_saas\BI\controller\controller.js:26:8
[2018-08-06 14:17:45.091] [ERROR] log_file - Error: ENOENT: no such file or directory, open 'E:\Web_EMS\pweb_productList\pweb_saas\BI\views\pages\type.ejs'
    at Object.fs.openSync (fs.js:646:18)
    at fs.readFileSync (fs.js:551:33)
    at Object.exports.parse (E:\Web_EMS\pweb_productList\pweb_saas\node_modules\public_nodejs\ejs\lib\ejs.js:159:19)
    at exports.compile (E:\Web_EMS\pweb_productList\pweb_saas\node_modules\public_nodejs\ejs\lib\ejs.js:223:15)
    at Object.exports.render (E:\Web_EMS\pweb_productList\pweb_saas\node_modules\public_nodejs\ejs\lib\ejs.js:283:10)
    at View.exports.renderFile [as engine] (E:\Web_EMS\pweb_productList\pweb_saas\node_modules\public_nodejs\ejs\lib\ejs.js:317:20)
    at View.render (E:\Web_EMS\pweb_productList\pweb_saas\node_modules\public_nodejs\express\lib\view.js:76:8)
    at Function.app.render (E:\Web_EMS\pweb_productList\pweb_saas\node_modules\public_nodejs\express\lib\application.js:506:10)
    at ServerResponse.res.render (E:\Web_EMS\pweb_productList\pweb_saas\node_modules\public_nodejs\express\lib\response.js:759:7)
    at E:\Web_EMS\pweb_productList\pweb_saas\BI\controller\controller.js:26:8
[2018-08-06 15:05:30.211] [ERROR] log_file - Error: ENOENT: no such file or directory, open 'E:\Web_EMS\pweb_productList\pweb_saas\BI\views\pages\(type);.ejs'
    at Object.fs.openSync (fs.js:646:18)
    at fs.readFileSync (fs.js:551:33)
    at Object.exports.parse (E:\Web_EMS\pweb_productList\pweb_saas\node_modules\public_nodejs\ejs\lib\ejs.js:159:19)
    at exports.compile (E:\Web_EMS\pweb_productList\pweb_saas\node_modules\public_nodejs\ejs\lib\ejs.js:223:15)
    at Object.exports.render (E:\Web_EMS\pweb_productList\pweb_saas\node_modules\public_nodejs\ejs\lib\ejs.js:283:10)
    at View.exports.renderFile [as engine] (E:\Web_EMS\pweb_productList\pweb_saas\node_modules\public_nodejs\ejs\lib\ejs.js:317:20)
    at View.render (E:\Web_EMS\pweb_productList\pweb_saas\node_modules\public_nodejs\express\lib\view.js:76:8)
    at Function.app.render (E:\Web_EMS\pweb_productList\pweb_saas\node_modules\public_nodejs\express\lib\application.js:506:10)
    at ServerResponse.res.render (E:\Web_EMS\pweb_productList\pweb_saas\node_modules\public_nodejs\express\lib\response.js:759:7)
    at E:\Web_EMS\pweb_productList\pweb_saas\BI\controller\controller.js:20:8
[2018-08-06 15:06:47.563] [ERROR] log_file - Error: ENOENT: no such file or directory, open 'E:\Web_EMS\pweb_productList\pweb_saas\BI\views\pages\(type, {}).ejs'
    at Object.fs.openSync (fs.js:646:18)
    at fs.readFileSync (fs.js:551:33)
    at Object.exports.parse (E:\Web_EMS\pweb_productList\pweb_saas\node_modules\public_nodejs\ejs\lib\ejs.js:159:19)
    at exports.compile (E:\Web_EMS\pweb_productList\pweb_saas\node_modules\public_nodejs\ejs\lib\ejs.js:223:15)
    at Object.exports.render (E:\Web_EMS\pweb_productList\pweb_saas\node_modules\public_nodejs\ejs\lib\ejs.js:283:10)
    at View.exports.renderFile [as engine] (E:\Web_EMS\pweb_productList\pweb_saas\node_modules\public_nodejs\ejs\lib\ejs.js:317:20)
    at View.render (E:\Web_EMS\pweb_productList\pweb_saas\node_modules\public_nodejs\express\lib\view.js:76:8)
    at Function.app.render (E:\Web_EMS\pweb_productList\pweb_saas\node_modules\public_nodejs\express\lib\application.js:506:10)
    at ServerResponse.res.render (E:\Web_EMS\pweb_productList\pweb_saas\node_modules\public_nodejs\express\lib\response.js:759:7)
    at E:\Web_EMS\pweb_productList\pweb_saas\BI\controller\controller.js:20:8
[2018-08-06 15:07:00.627] [ERROR] log_file - Error: ENOENT: no such file or directory, open 'E:\Web_EMS\pweb_productList\pweb_saas\BI\views\pages\(type, {}).ejs'
    at Object.fs.openSync (fs.js:646:18)
    at fs.readFileSync (fs.js:551:33)
    at Object.exports.parse (E:\Web_EMS\pweb_productList\pweb_saas\node_modules\public_nodejs\ejs\lib\ejs.js:159:19)
    at exports.compile (E:\Web_EMS\pweb_productList\pweb_saas\node_modules\public_nodejs\ejs\lib\ejs.js:223:15)
    at Object.exports.render (E:\Web_EMS\pweb_productList\pweb_saas\node_modules\public_nodejs\ejs\lib\ejs.js:283:10)
    at View.exports.renderFile [as engine] (E:\Web_EMS\pweb_productList\pweb_saas\node_modules\public_nodejs\ejs\lib\ejs.js:317:20)
    at View.render (E:\Web_EMS\pweb_productList\pweb_saas\node_modules\public_nodejs\express\lib\view.js:76:8)
    at Function.app.render (E:\Web_EMS\pweb_productList\pweb_saas\node_modules\public_nodejs\express\lib\application.js:506:10)
    at ServerResponse.res.render (E:\Web_EMS\pweb_productList\pweb_saas\node_modules\public_nodejs\express\lib\response.js:759:7)
    at E:\Web_EMS\pweb_productList\pweb_saas\BI\controller\controller.js:20:8
[2018-08-06 15:07:20.278] [ERROR] log_file - Error: ENOENT: no such file or directory, open 'E:\Web_EMS\pweb_productList\pweb_saas\BI\views\pages\(type, {}).ejs'
    at Object.fs.openSync (fs.js:646:18)
    at fs.readFileSync (fs.js:551:33)
    at Object.exports.parse (E:\Web_EMS\pweb_productList\pweb_saas\node_modules\public_nodejs\ejs\lib\ejs.js:159:19)
    at exports.compile (E:\Web_EMS\pweb_productList\pweb_saas\node_modules\public_nodejs\ejs\lib\ejs.js:223:15)
    at Object.exports.render (E:\Web_EMS\pweb_productList\pweb_saas\node_modules\public_nodejs\ejs\lib\ejs.js:283:10)
    at View.exports.renderFile [as engine] (E:\Web_EMS\pweb_productList\pweb_saas\node_modules\public_nodejs\ejs\lib\ejs.js:317:20)
    at View.render (E:\Web_EMS\pweb_productList\pweb_saas\node_modules\public_nodejs\express\lib\view.js:76:8)
    at Function.app.render (E:\Web_EMS\pweb_productList\pweb_saas\node_modules\public_nodejs\express\lib\application.js:506:10)
    at ServerResponse.res.render (E:\Web_EMS\pweb_productList\pweb_saas\node_modules\public_nodejs\express\lib\response.js:759:7)
    at E:\Web_EMS\pweb_productList\pweb_saas\BI\controller\controller.js:20:8
[2018-08-06 15:07:59.540] [ERROR] log_file - Error: ENOENT: no such file or directory, open 'E:\Web_EMS\pweb_productList\pweb_saas\BI\views\pages\(type, {}).ejs'
    at Object.fs.openSync (fs.js:646:18)
    at fs.readFileSync (fs.js:551:33)
    at Object.exports.parse (E:\Web_EMS\pweb_productList\pweb_saas\node_modules\public_nodejs\ejs\lib\ejs.js:159:19)
    at exports.compile (E:\Web_EMS\pweb_productList\pweb_saas\node_modules\public_nodejs\ejs\lib\ejs.js:223:15)
    at Object.exports.render (E:\Web_EMS\pweb_productList\pweb_saas\node_modules\public_nodejs\ejs\lib\ejs.js:283:10)
    at View.exports.renderFile [as engine] (E:\Web_EMS\pweb_productList\pweb_saas\node_modules\public_nodejs\ejs\lib\ejs.js:317:20)
    at View.render (E:\Web_EMS\pweb_productList\pweb_saas\node_modules\public_nodejs\express\lib\view.js:76:8)
    at Function.app.render (E:\Web_EMS\pweb_productList\pweb_saas\node_modules\public_nodejs\express\lib\application.js:506:10)
    at ServerResponse.res.render (E:\Web_EMS\pweb_productList\pweb_saas\node_modules\public_nodejs\express\lib\response.js:759:7)
    at E:\Web_EMS\pweb_productList\pweb_saas\BI\controller\controller.js:20:8
[2018-08-06 15:08:08.332] [ERROR] log_file - Error: ENOENT: no such file or directory, open 'E:\Web_EMS\pweb_productList\pweb_saas\BI\views\pages\(type, {}).ejs'
    at Object.fs.openSync (fs.js:646:18)
    at fs.readFileSync (fs.js:551:33)
    at Object.exports.parse (E:\Web_EMS\pweb_productList\pweb_saas\node_modules\public_nodejs\ejs\lib\ejs.js:159:19)
    at exports.compile (E:\Web_EMS\pweb_productList\pweb_saas\node_modules\public_nodejs\ejs\lib\ejs.js:223:15)
    at Object.exports.render (E:\Web_EMS\pweb_productList\pweb_saas\node_modules\public_nodejs\ejs\lib\ejs.js:283:10)
    at View.exports.renderFile [as engine] (E:\Web_EMS\pweb_productList\pweb_saas\node_modules\public_nodejs\ejs\lib\ejs.js:317:20)
    at View.render (E:\Web_EMS\pweb_productList\pweb_saas\node_modules\public_nodejs\express\lib\view.js:76:8)
    at Function.app.render (E:\Web_EMS\pweb_productList\pweb_saas\node_modules\public_nodejs\express\lib\application.js:506:10)
    at ServerResponse.res.render (E:\Web_EMS\pweb_productList\pweb_saas\node_modules\public_nodejs\express\lib\response.js:759:7)
    at E:\Web_EMS\pweb_productList\pweb_saas\BI\controller\controller.js:20:8
[2018-08-06 15:10:37.382] [ERROR] log_file - Error: ENOENT: no such file or directory, open 'E:\Web_EMS\pweb_productList\pweb_saas\BI\views\pages\(type, {}).ejs'
    at Object.fs.openSync (fs.js:646:18)
    at fs.readFileSync (fs.js:551:33)
    at Object.exports.parse (E:\Web_EMS\pweb_productList\pweb_saas\node_modules\public_nodejs\ejs\lib\ejs.js:159:19)
    at exports.compile (E:\Web_EMS\pweb_productList\pweb_saas\node_modules\public_nodejs\ejs\lib\ejs.js:223:15)
    at Object.exports.render (E:\Web_EMS\pweb_productList\pweb_saas\node_modules\public_nodejs\ejs\lib\ejs.js:283:10)
    at View.exports.renderFile [as engine] (E:\Web_EMS\pweb_productList\pweb_saas\node_modules\public_nodejs\ejs\lib\ejs.js:317:20)
    at View.render (E:\Web_EMS\pweb_productList\pweb_saas\node_modules\public_nodejs\express\lib\view.js:76:8)
    at Function.app.render (E:\Web_EMS\pweb_productList\pweb_saas\node_modules\public_nodejs\express\lib\application.js:506:10)
    at ServerResponse.res.render (E:\Web_EMS\pweb_productList\pweb_saas\node_modules\public_nodejs\express\lib\response.js:759:7)
    at E:\Web_EMS\pweb_productList\pweb_saas\BI\controller\controller.js:20:8
[2018-08-06 15:17:45.751] [ERROR] log_file - (node:10256) [DEP0016] DeprecationWarning: 'GLOBAL' is deprecated, use 'global'
[2018-08-06 15:17:45.756] [ERROR] log_file - (node:10256) [DEP0016] DeprecationWarning: 'root' is deprecated, use 'global'
[2018-08-06 15:17:48.072] [ERROR] log_file - Error: ENOENT: no such file or directory, open 'E:\Web_EMS\pweb_productList\pweb_saas\BI\views\pages\('E:\Web_EMS\pweb_productList\pweb_saas\views\pages\single\SingleInquire', {});.ejs'
    at Object.fs.openSync (fs.js:646:18)
    at fs.readFileSync (fs.js:551:33)
    at Object.exports.parse (E:\Web_EMS\pweb_productList\pweb_saas\node_modules\public_nodejs\ejs\lib\ejs.js:159:19)
    at exports.compile (E:\Web_EMS\pweb_productList\pweb_saas\node_modules\public_nodejs\ejs\lib\ejs.js:223:15)
    at Object.exports.render (E:\Web_EMS\pweb_productList\pweb_saas\node_modules\public_nodejs\ejs\lib\ejs.js:283:10)
    at View.exports.renderFile [as engine] (E:\Web_EMS\pweb_productList\pweb_saas\node_modules\public_nodejs\ejs\lib\ejs.js:317:20)
    at View.render (E:\Web_EMS\pweb_productList\pweb_saas\node_modules\public_nodejs\express\lib\view.js:76:8)
    at Function.app.render (E:\Web_EMS\pweb_productList\pweb_saas\node_modules\public_nodejs\express\lib\application.js:506:10)
    at ServerResponse.res.render (E:\Web_EMS\pweb_productList\pweb_saas\node_modules\public_nodejs\express\lib\response.js:759:7)
    at E:\Web_EMS\pweb_productList\pweb_saas\BI\controller\controller.js:20:8
[2018-08-06 15:20:14.266] [ERROR] log_file - Error: ENOENT: no such file or directory, open 'E:\Web_EMS\pweb_productList\pweb_saas\BI\views\pages\(type, {}).ejs'
    at Object.fs.openSync (fs.js:646:18)
    at fs.readFileSync (fs.js:551:33)
    at Object.exports.parse (E:\Web_EMS\pweb_productList\pweb_saas\node_modules\public_nodejs\ejs\lib\ejs.js:159:19)
    at exports.compile (E:\Web_EMS\pweb_productList\pweb_saas\node_modules\public_nodejs\ejs\lib\ejs.js:223:15)
    at Object.exports.render (E:\Web_EMS\pweb_productList\pweb_saas\node_modules\public_nodejs\ejs\lib\ejs.js:283:10)
    at View.exports.renderFile [as engine] (E:\Web_EMS\pweb_productList\pweb_saas\node_modules\public_nodejs\ejs\lib\ejs.js:317:20)
    at View.render (E:\Web_EMS\pweb_productList\pweb_saas\node_modules\public_nodejs\express\lib\view.js:76:8)
    at Function.app.render (E:\Web_EMS\pweb_productList\pweb_saas\node_modules\public_nodejs\express\lib\application.js:506:10)
    at ServerResponse.res.render (E:\Web_EMS\pweb_productList\pweb_saas\node_modules\public_nodejs\express\lib\response.js:759:7)
    at E:\Web_EMS\pweb_productList\pweb_saas\BI\controller\controller.js:20:8
[2018-08-06 15:22:15.772] [ERROR] log_file - Error: ENOENT: no such file or directory, open 'E:\Web_EMS\pweb_productList\pweb_saas\BI\views\pages\(type, {}).ejs'
    at Object.fs.openSync (fs.js:646:18)
    at fs.readFileSync (fs.js:551:33)
    at Object.exports.parse (E:\Web_EMS\pweb_productList\pweb_saas\node_modules\public_nodejs\ejs\lib\ejs.js:159:19)
    at exports.compile (E:\Web_EMS\pweb_productList\pweb_saas\node_modules\public_nodejs\ejs\lib\ejs.js:223:15)
    at Object.exports.render (E:\Web_EMS\pweb_productList\pweb_saas\node_modules\public_nodejs\ejs\lib\ejs.js:283:10)
    at View.exports.renderFile [as engine] (E:\Web_EMS\pweb_productList\pweb_saas\node_modules\public_nodejs\ejs\lib\ejs.js:317:20)
    at View.render (E:\Web_EMS\pweb_productList\pweb_saas\node_modules\public_nodejs\express\lib\view.js:76:8)
    at Function.app.render (E:\Web_EMS\pweb_productList\pweb_saas\node_modules\public_nodejs\express\lib\application.js:506:10)
    at ServerResponse.res.render (E:\Web_EMS\pweb_productList\pweb_saas\node_modules\public_nodejs\express\lib\response.js:759:7)
    at E:\Web_EMS\pweb_productList\pweb_saas\BI\controller\controller.js:20:8
[2018-08-06 15:22:17.129] [ERROR] log_file - Error: ENOENT: no such file or directory, open 'E:\Web_EMS\pweb_productList\pweb_saas\BI\views\pages\(type, {}).ejs'
    at Object.fs.openSync (fs.js:646:18)
    at fs.readFileSync (fs.js:551:33)
    at Object.exports.parse (E:\Web_EMS\pweb_productList\pweb_saas\node_modules\public_nodejs\ejs\lib\ejs.js:159:19)
    at exports.compile (E:\Web_EMS\pweb_productList\pweb_saas\node_modules\public_nodejs\ejs\lib\ejs.js:223:15)
    at Object.exports.render (E:\Web_EMS\pweb_productList\pweb_saas\node_modules\public_nodejs\ejs\lib\ejs.js:283:10)
    at View.exports.renderFile [as engine] (E:\Web_EMS\pweb_productList\pweb_saas\node_modules\public_nodejs\ejs\lib\ejs.js:317:20)
    at View.render (E:\Web_EMS\pweb_productList\pweb_saas\node_modules\public_nodejs\express\lib\view.js:76:8)
    at Function.app.render (E:\Web_EMS\pweb_productList\pweb_saas\node_modules\public_nodejs\express\lib\application.js:506:10)
    at ServerResponse.res.render (E:\Web_EMS\pweb_productList\pweb_saas\node_modules\public_nodejs\express\lib\response.js:759:7)
    at E:\Web_EMS\pweb_productList\pweb_saas\BI\controller\controller.js:20:8
[2018-08-06 15:24:59.226] [ERROR] log_file - Error: ENOENT: no such file or directory, open 'E:\Web_EMS\pweb_productList\pweb_saas\BI\views\pages\(type, {}).ejs'
    at Object.fs.openSync (fs.js:646:18)
    at fs.readFileSync (fs.js:551:33)
    at Object.exports.parse (E:\Web_EMS\pweb_productList\pweb_saas\node_modules\public_nodejs\ejs\lib\ejs.js:159:19)
    at exports.compile (E:\Web_EMS\pweb_productList\pweb_saas\node_modules\public_nodejs\ejs\lib\ejs.js:223:15)
    at Object.exports.render (E:\Web_EMS\pweb_productList\pweb_saas\node_modules\public_nodejs\ejs\lib\ejs.js:283:10)
    at View.exports.renderFile [as engine] (E:\Web_EMS\pweb_productList\pweb_saas\node_modules\public_nodejs\ejs\lib\ejs.js:317:20)
    at View.render (E:\Web_EMS\pweb_productList\pweb_saas\node_modules\public_nodejs\express\lib\view.js:76:8)
    at Function.app.render (E:\Web_EMS\pweb_productList\pweb_saas\node_modules\public_nodejs\express\lib\application.js:506:10)
    at ServerResponse.res.render (E:\Web_EMS\pweb_productList\pweb_saas\node_modules\public_nodejs\express\lib\response.js:759:7)
    at E:\Web_EMS\pweb_productList\pweb_saas\BI\controller\controller.js:20:8
[2018-08-06 15:25:32.064] [ERROR] log_file - Error: ENOENT: no such file or directory, open 'E:\Web_EMS\pweb_productList\pweb_saas\BI\views\pages\(type, {}).ejs'
    at Object.fs.openSync (fs.js:646:18)
    at fs.readFileSync (fs.js:551:33)
    at Object.exports.parse (E:\Web_EMS\pweb_productList\pweb_saas\node_modules\public_nodejs\ejs\lib\ejs.js:159:19)
    at exports.compile (E:\Web_EMS\pweb_productList\pweb_saas\node_modules\public_nodejs\ejs\lib\ejs.js:223:15)
    at Object.exports.render (E:\Web_EMS\pweb_productList\pweb_saas\node_modules\public_nodejs\ejs\lib\ejs.js:283:10)
    at View.exports.renderFile [as engine] (E:\Web_EMS\pweb_productList\pweb_saas\node_modules\public_nodejs\ejs\lib\ejs.js:317:20)
    at View.render (E:\Web_EMS\pweb_productList\pweb_saas\node_modules\public_nodejs\express\lib\view.js:76:8)
    at Function.app.render (E:\Web_EMS\pweb_productList\pweb_saas\node_modules\public_nodejs\express\lib\application.js:506:10)
    at ServerResponse.res.render (E:\Web_EMS\pweb_productList\pweb_saas\node_modules\public_nodejs\express\lib\response.js:759:7)
    at E:\Web_EMS\pweb_productList\pweb_saas\BI\controller\controller.js:20:8
[2018-08-06 15:26:13.688] [ERROR] log_file - Error: ENOENT: no such file or directory, open 'E:\Web_EMS\pweb_productList\pweb_saas\BI\views\pages\(type, {}).ejs'
    at Object.fs.openSync (fs.js:646:18)
    at fs.readFileSync (fs.js:551:33)
    at Object.exports.parse (E:\Web_EMS\pweb_productList\pweb_saas\node_modules\public_nodejs\ejs\lib\ejs.js:159:19)
    at exports.compile (E:\Web_EMS\pweb_productList\pweb_saas\node_modules\public_nodejs\ejs\lib\ejs.js:223:15)
    at Object.exports.render (E:\Web_EMS\pweb_productList\pweb_saas\node_modules\public_nodejs\ejs\lib\ejs.js:283:10)
    at View.exports.renderFile [as engine] (E:\Web_EMS\pweb_productList\pweb_saas\node_modules\public_nodejs\ejs\lib\ejs.js:317:20)
    at View.render (E:\Web_EMS\pweb_productList\pweb_saas\node_modules\public_nodejs\express\lib\view.js:76:8)
    at Function.app.render (E:\Web_EMS\pweb_productList\pweb_saas\node_modules\public_nodejs\express\lib\application.js:506:10)
    at ServerResponse.res.render (E:\Web_EMS\pweb_productList\pweb_saas\node_modules\public_nodejs\express\lib\response.js:759:7)
    at E:\Web_EMS\pweb_productList\pweb_saas\BI\controller\controller.js:20:8
[2018-08-06 15:27:46.729] [ERROR] log_file - Error: ENOENT: no such file or directory, open 'E:\Web_EMS\pweb_productList\pweb_saas\BI\views\pages\("pages\single\SingleHeatMap", {}).ejs'
    at Object.fs.openSync (fs.js:646:18)
    at fs.readFileSync (fs.js:551:33)
    at Object.exports.parse (E:\Web_EMS\pweb_productList\pweb_saas\node_modules\public_nodejs\ejs\lib\ejs.js:159:19)
    at exports.compile (E:\Web_EMS\pweb_productList\pweb_saas\node_modules\public_nodejs\ejs\lib\ejs.js:223:15)
    at Object.exports.render (E:\Web_EMS\pweb_productList\pweb_saas\node_modules\public_nodejs\ejs\lib\ejs.js:283:10)
    at View.exports.renderFile [as engine] (E:\Web_EMS\pweb_productList\pweb_saas\node_modules\public_nodejs\ejs\lib\ejs.js:317:20)
    at View.render (E:\Web_EMS\pweb_productList\pweb_saas\node_modules\public_nodejs\express\lib\view.js:76:8)
    at Function.app.render (E:\Web_EMS\pweb_productList\pweb_saas\node_modules\public_nodejs\express\lib\application.js:506:10)
    at ServerResponse.res.render (E:\Web_EMS\pweb_productList\pweb_saas\node_modules\public_nodejs\express\lib\response.js:759:7)
    at E:\Web_EMS\pweb_productList\pweb_saas\BI\controller\controller.js:20:8
[2018-08-06 15:28:31.588] [ERROR] log_file - Error: ENOENT: no such file or directory, open 'E:\Web_EMS\pweb_productList\pweb_saas\BI\views\pages\("pages\single\SingleHeatMap.html", {})'
    at Object.fs.openSync (fs.js:646:18)
    at fs.readFileSync (fs.js:551:33)
    at Object.exports.parse (E:\Web_EMS\pweb_productList\pweb_saas\node_modules\public_nodejs\ejs\lib\ejs.js:159:19)
    at exports.compile (E:\Web_EMS\pweb_productList\pweb_saas\node_modules\public_nodejs\ejs\lib\ejs.js:223:15)
    at Object.exports.render (E:\Web_EMS\pweb_productList\pweb_saas\node_modules\public_nodejs\ejs\lib\ejs.js:283:10)
    at View.exports.renderFile [as engine] (E:\Web_EMS\pweb_productList\pweb_saas\node_modules\public_nodejs\ejs\lib\ejs.js:317:20)
    at View.render (E:\Web_EMS\pweb_productList\pweb_saas\node_modules\public_nodejs\express\lib\view.js:76:8)
    at Function.app.render (E:\Web_EMS\pweb_productList\pweb_saas\node_modules\public_nodejs\express\lib\application.js:506:10)
    at ServerResponse.res.render (E:\Web_EMS\pweb_productList\pweb_saas\node_modules\public_nodejs\express\lib\response.js:759:7)
    at E:\Web_EMS\pweb_productList\pweb_saas\BI\controller\controller.js:20:8
[2018-08-06 15:29:37.811] [ERROR] log_file - Error: ENOENT: no such file or directory, open 'E:\Web_EMS\pweb_productList\pweb_saas\BI\views\pages\pages\single\SingleHeatMap.ejs'
    at Object.fs.openSync (fs.js:646:18)
    at fs.readFileSync (fs.js:551:33)
    at Object.exports.parse (E:\Web_EMS\pweb_productList\pweb_saas\node_modules\public_nodejs\ejs\lib\ejs.js:159:19)
    at exports.compile (E:\Web_EMS\pweb_productList\pweb_saas\node_modules\public_nodejs\ejs\lib\ejs.js:223:15)
    at Object.exports.render (E:\Web_EMS\pweb_productList\pweb_saas\node_modules\public_nodejs\ejs\lib\ejs.js:283:10)
    at View.exports.renderFile [as engine] (E:\Web_EMS\pweb_productList\pweb_saas\node_modules\public_nodejs\ejs\lib\ejs.js:317:20)
    at View.render (E:\Web_EMS\pweb_productList\pweb_saas\node_modules\public_nodejs\express\lib\view.js:76:8)
    at Function.app.render (E:\Web_EMS\pweb_productList\pweb_saas\node_modules\public_nodejs\express\lib\application.js:506:10)
    at ServerResponse.res.render (E:\Web_EMS\pweb_productList\pweb_saas\node_modules\public_nodejs\express\lib\response.js:759:7)
    at E:\Web_EMS\pweb_productList\pweb_saas\BI\controller\controller.js:20:8
[2018-08-06 15:30:16.921] [ERROR] log_file - Error: ENOENT: no such file or directory, open 'E:\Web_EMS\pweb_productList\pweb_saas\BI\views\pages\single\SingleHeatMap.ejs'
    at Object.fs.openSync (fs.js:646:18)
    at fs.readFileSync (fs.js:551:33)
    at Object.exports.parse (E:\Web_EMS\pweb_productList\pweb_saas\node_modules\public_nodejs\ejs\lib\ejs.js:159:19)
    at exports.compile (E:\Web_EMS\pweb_productList\pweb_saas\node_modules\public_nodejs\ejs\lib\ejs.js:223:15)
    at Object.exports.render (E:\Web_EMS\pweb_productList\pweb_saas\node_modules\public_nodejs\ejs\lib\ejs.js:283:10)
    at View.exports.renderFile [as engine] (E:\Web_EMS\pweb_productList\pweb_saas\node_modules\public_nodejs\ejs\lib\ejs.js:317:20)
    at View.render (E:\Web_EMS\pweb_productList\pweb_saas\node_modules\public_nodejs\express\lib\view.js:76:8)
    at Function.app.render (E:\Web_EMS\pweb_productList\pweb_saas\node_modules\public_nodejs\express\lib\application.js:506:10)
    at ServerResponse.res.render (E:\Web_EMS\pweb_productList\pweb_saas\node_modules\public_nodejs\express\lib\response.js:759:7)
    at E:\Web_EMS\pweb_productList\pweb_saas\BI\controller\controller.js:20:8
[2018-08-06 15:31:00.794] [ERROR] log_file - Error: ENOENT: no such file or directory, open 'E:\Web_EMS\pweb_productList\pweb_saas\BI\views\pages\(".\single\SingleHeatMap.html")'
    at Object.fs.openSync (fs.js:646:18)
    at fs.readFileSync (fs.js:551:33)
    at Object.exports.parse (E:\Web_EMS\pweb_productList\pweb_saas\node_modules\public_nodejs\ejs\lib\ejs.js:159:19)
    at exports.compile (E:\Web_EMS\pweb_productList\pweb_saas\node_modules\public_nodejs\ejs\lib\ejs.js:223:15)
    at Object.exports.render (E:\Web_EMS\pweb_productList\pweb_saas\node_modules\public_nodejs\ejs\lib\ejs.js:283:10)
    at View.exports.renderFile [as engine] (E:\Web_EMS\pweb_productList\pweb_saas\node_modules\public_nodejs\ejs\lib\ejs.js:317:20)
    at View.render (E:\Web_EMS\pweb_productList\pweb_saas\node_modules\public_nodejs\express\lib\view.js:76:8)
    at Function.app.render (E:\Web_EMS\pweb_productList\pweb_saas\node_modules\public_nodejs\express\lib\application.js:506:10)
    at ServerResponse.res.render (E:\Web_EMS\pweb_productList\pweb_saas\node_modules\public_nodejs\express\lib\response.js:759:7)
    at E:\Web_EMS\pweb_productList\pweb_saas\BI\controller\controller.js:20:8
[2018-08-06 15:31:55.117] [ERROR] log_file - Error: ENOENT: no such file or directory, open 'E:\Web_EMS\pweb_productList\pweb_saas\BI\views\pages\(".\single\SingleHeatMap.html")'
    at Object.fs.openSync (fs.js:646:18)
    at fs.readFileSync (fs.js:551:33)
    at Object.exports.parse (E:\Web_EMS\pweb_productList\pweb_saas\node_modules\public_nodejs\ejs\lib\ejs.js:159:19)
    at exports.compile (E:\Web_EMS\pweb_productList\pweb_saas\node_modules\public_nodejs\ejs\lib\ejs.js:223:15)
    at Object.exports.render (E:\Web_EMS\pweb_productList\pweb_saas\node_modules\public_nodejs\ejs\lib\ejs.js:283:10)
    at View.exports.renderFile [as engine] (E:\Web_EMS\pweb_productList\pweb_saas\node_modules\public_nodejs\ejs\lib\ejs.js:317:20)
    at View.render (E:\Web_EMS\pweb_productList\pweb_saas\node_modules\public_nodejs\express\lib\view.js:76:8)
    at Function.app.render (E:\Web_EMS\pweb_productList\pweb_saas\node_modules\public_nodejs\express\lib\application.js:506:10)
    at ServerResponse.res.render (E:\Web_EMS\pweb_productList\pweb_saas\node_modules\public_nodejs\express\lib\response.js:759:7)
    at E:\Web_EMS\pweb_productList\pweb_saas\BI\controller\controller.js:20:8
[2018-08-06 16:23:30.204] [ERROR] log_file - TypeError: E:\Web_EMS\pweb_productList\pweb_saas\BI\views\pages\entry.html:4
    2| 
    3|     <ul>
 >> 4|         <% menu.multiple.forEach(function(item,index){%>
    5|             <li>
    6|                 <%=index%>
    7|             </li>

menu.multiple.forEach is not a function
    at eval (eval at exports.compile (E:\Web_EMS\pweb_productList\pweb_saas\node_modules\public_nodejs\ejs\lib\ejs.js:236:14), <anonymous>:32:86)
    at eval (eval at exports.compile (E:\Web_EMS\pweb_productList\pweb_saas\node_modules\public_nodejs\ejs\lib\ejs.js:236:14), <anonymous>:34:35)
    at E:\Web_EMS\pweb_productList\pweb_saas\node_modules\public_nodejs\ejs\lib\ejs.js:249:15
    at Object.exports.render (E:\Web_EMS\pweb_productList\pweb_saas\node_modules\public_nodejs\ejs\lib\ejs.js:287:13)
    at View.exports.renderFile [as engine] (E:\Web_EMS\pweb_productList\pweb_saas\node_modules\public_nodejs\ejs\lib\ejs.js:317:20)
    at View.render (E:\Web_EMS\pweb_productList\pweb_saas\node_modules\public_nodejs\express\lib\view.js:76:8)
    at Function.app.render (E:\Web_EMS\pweb_productList\pweb_saas\node_modules\public_nodejs\express\lib\application.js:506:10)
    at ServerResponse.res.render (E:\Web_EMS\pweb_productList\pweb_saas\node_modules\public_nodejs\express\lib\response.js:759:7)
    at E:\Web_EMS\pweb_productList\pweb_saas\BI\controller\controller.js:26:8
    at callbacks (E:\Web_EMS\pweb_productList\pweb_saas\node_modules\public_nodejs\express\lib\router\index.js:164:37)
[2018-08-06 16:24:37.476] [ERROR] log_file - TypeError: E:\Web_EMS\pweb_productList\pweb_saas\BI\views\pages\entry.html:4
    2| 
    3|     <ul>
 >> 4|         <% menu.multiple.content.forEach(function(item,index){%>
    5|             <li>
    6|                 <%=index%>
    7|             </li>

Cannot read property 'forEach' of undefined
    at eval (eval at exports.compile (E:\Web_EMS\pweb_productList\pweb_saas\node_modules\public_nodejs\ejs\lib\ejs.js:236:14), <anonymous>:32:94)
    at eval (eval at exports.compile (E:\Web_EMS\pweb_productList\pweb_saas\node_modules\public_nodejs\ejs\lib\ejs.js:236:14), <anonymous>:34:35)
    at E:\Web_EMS\pweb_productList\pweb_saas\node_modules\public_nodejs\ejs\lib\ejs.js:249:15
    at Object.exports.render (E:\Web_EMS\pweb_productList\pweb_saas\node_modules\public_nodejs\ejs\lib\ejs.js:287:13)
    at View.exports.renderFile [as engine] (E:\Web_EMS\pweb_productList\pweb_saas\node_modules\public_nodejs\ejs\lib\ejs.js:317:20)
    at View.render (E:\Web_EMS\pweb_productList\pweb_saas\node_modules\public_nodejs\express\lib\view.js:76:8)
    at Function.app.render (E:\Web_EMS\pweb_productList\pweb_saas\node_modules\public_nodejs\express\lib\application.js:506:10)
    at ServerResponse.res.render (E:\Web_EMS\pweb_productList\pweb_saas\node_modules\public_nodejs\express\lib\response.js:759:7)
    at E:\Web_EMS\pweb_productList\pweb_saas\BI\controller\controller.js:26:8
    at callbacks (E:\Web_EMS\pweb_productList\pweb_saas\node_modules\public_nodejs\express\lib\router\index.js:164:37)
[2018-08-06 17:27:00.340] [ERROR] log_file - Error: ENOENT: no such file or directory, open 'E:\Web_EMS\pweb_productList\pweb_saas\BI\views\pages\pageHead.html'
    at Object.fs.openSync (fs.js:646:18)
    at fs.readFileSync (fs.js:551:33)
    at Object.exports.parse (E:\Web_EMS\pweb_productList\pweb_saas\node_modules\public_nodejs\ejs\lib\ejs.js:159:19)
    at exports.compile (E:\Web_EMS\pweb_productList\pweb_saas\node_modules\public_nodejs\ejs\lib\ejs.js:223:15)
    at Object.exports.render (E:\Web_EMS\pweb_productList\pweb_saas\node_modules\public_nodejs\ejs\lib\ejs.js:283:10)
    at View.exports.renderFile [as engine] (E:\Web_EMS\pweb_productList\pweb_saas\node_modules\public_nodejs\ejs\lib\ejs.js:317:20)
    at View.render (E:\Web_EMS\pweb_productList\pweb_saas\node_modules\public_nodejs\express\lib\view.js:76:8)
    at Function.app.render (E:\Web_EMS\pweb_productList\pweb_saas\node_modules\public_nodejs\express\lib\application.js:506:10)
    at ServerResponse.res.render (E:\Web_EMS\pweb_productList\pweb_saas\node_modules\public_nodejs\express\lib\response.js:759:7)
    at E:\Web_EMS\pweb_productList\pweb_saas\BI\controller\controller.js:20:8
[2018-08-09 11:45:35.892] [ERROR] log_file - Error: ENOENT: no such file or directory, open 'E:\Web_EMS\pweb_productList\pweb_saas\BI\views\components\index.html'
    at Object.fs.openSync (fs.js:646:18)
    at fs.readFileSync (fs.js:551:33)
    at Object.exports.parse (E:\Web_EMS\pweb_productList\pweb_saas\BI\node_modules\public_nodejs\ejs\lib\ejs.js:159:19)
    at exports.compile (E:\Web_EMS\pweb_productList\pweb_saas\BI\node_modules\public_nodejs\ejs\lib\ejs.js:223:15)
    at Object.exports.render (E:\Web_EMS\pweb_productList\pweb_saas\BI\node_modules\public_nodejs\ejs\lib\ejs.js:283:10)
    at View.exports.renderFile [as engine] (E:\Web_EMS\pweb_productList\pweb_saas\BI\node_modules\public_nodejs\ejs\lib\ejs.js:317:20)
    at View.render (E:\Web_EMS\pweb_productList\pweb_saas\BI\node_modules\public_nodejs\express\lib\view.js:76:8)
    at Function.app.render (E:\Web_EMS\pweb_productList\pweb_saas\BI\node_modules\public_nodejs\express\lib\application.js:506:10)
    at ServerResponse.res.render (E:\Web_EMS\pweb_productList\pweb_saas\BI\node_modules\public_nodejs\express\lib\response.js:759:7)
    at E:\Web_EMS\pweb_productList\pweb_saas\BI\controller\controller.js:27:8
[2018-08-09 11:45:35.924] [ERROR] log_file - Error: ENOENT: no such file or directory, open 'E:\Web_EMS\pweb_productList\pweb_saas\BI\views\components\index.html'
    at Object.fs.openSync (fs.js:646:18)
    at fs.readFileSync (fs.js:551:33)
    at Object.exports.parse (E:\Web_EMS\pweb_productList\pweb_saas\BI\node_modules\public_nodejs\ejs\lib\ejs.js:159:19)
    at exports.compile (E:\Web_EMS\pweb_productList\pweb_saas\BI\node_modules\public_nodejs\ejs\lib\ejs.js:223:15)
    at Object.exports.render (E:\Web_EMS\pweb_productList\pweb_saas\BI\node_modules\public_nodejs\ejs\lib\ejs.js:283:10)
    at View.exports.renderFile [as engine] (E:\Web_EMS\pweb_productList\pweb_saas\BI\node_modules\public_nodejs\ejs\lib\ejs.js:317:20)
    at View.render (E:\Web_EMS\pweb_productList\pweb_saas\BI\node_modules\public_nodejs\express\lib\view.js:76:8)
    at Function.app.render (E:\Web_EMS\pweb_productList\pweb_saas\BI\node_modules\public_nodejs\express\lib\application.js:506:10)
    at ServerResponse.res.render (E:\Web_EMS\pweb_productList\pweb_saas\BI\node_modules\public_nodejs\express\lib\response.js:759:7)
    at E:\Web_EMS\pweb_productList\pweb_saas\BI\controller\controller.js:27:8
[2018-08-09 11:46:31.388] [ERROR] log_file - Error: ENOENT: no such file or directory, open 'E:\Web_EMS\pweb_productList\pweb_saas\BI\views\pages\components\selects.ejs'
    at Object.fs.openSync (fs.js:646:18)
    at fs.readFileSync (fs.js:551:33)
    at Object.exports.parse (E:\Web_EMS\pweb_productList\pweb_saas\BI\node_modules\public_nodejs\ejs\lib\ejs.js:159:19)
    at Object.exports.parse (E:\Web_EMS\pweb_productList\pweb_saas\BI\node_modules\public_nodejs\ejs\lib\ejs.js:160:27)
    at exports.compile (E:\Web_EMS\pweb_productList\pweb_saas\BI\node_modules\public_nodejs\ejs\lib\ejs.js:223:15)
    at Object.exports.render (E:\Web_EMS\pweb_productList\pweb_saas\BI\node_modules\public_nodejs\ejs\lib\ejs.js:283:10)
    at View.exports.renderFile [as engine] (E:\Web_EMS\pweb_productList\pweb_saas\BI\node_modules\public_nodejs\ejs\lib\ejs.js:317:20)
    at View.render (E:\Web_EMS\pweb_productList\pweb_saas\BI\node_modules\public_nodejs\express\lib\view.js:76:8)
    at Function.app.render (E:\Web_EMS\pweb_productList\pweb_saas\BI\node_modules\public_nodejs\express\lib\application.js:506:10)
    at ServerResponse.res.render (E:\Web_EMS\pweb_productList\pweb_saas\BI\node_modules\public_nodejs\express\lib\response.js:759:7)
[2018-08-09 11:46:31.432] [ERROR] log_file - Error: ENOENT: no such file or directory, open 'E:\Web_EMS\pweb_productList\pweb_saas\BI\views\pages\components\selects.ejs'
    at Object.fs.openSync (fs.js:646:18)
    at fs.readFileSync (fs.js:551:33)
    at Object.exports.parse (E:\Web_EMS\pweb_productList\pweb_saas\BI\node_modules\public_nodejs\ejs\lib\ejs.js:159:19)
    at Object.exports.parse (E:\Web_EMS\pweb_productList\pweb_saas\BI\node_modules\public_nodejs\ejs\lib\ejs.js:160:27)
    at exports.compile (E:\Web_EMS\pweb_productList\pweb_saas\BI\node_modules\public_nodejs\ejs\lib\ejs.js:223:15)
    at Object.exports.render (E:\Web_EMS\pweb_productList\pweb_saas\BI\node_modules\public_nodejs\ejs\lib\ejs.js:283:10)
    at View.exports.renderFile [as engine] (E:\Web_EMS\pweb_productList\pweb_saas\BI\node_modules\public_nodejs\ejs\lib\ejs.js:317:20)
    at View.render (E:\Web_EMS\pweb_productList\pweb_saas\BI\node_modules\public_nodejs\express\lib\view.js:76:8)
    at Function.app.render (E:\Web_EMS\pweb_productList\pweb_saas\BI\node_modules\public_nodejs\express\lib\application.js:506:10)
    at ServerResponse.res.render (E:\Web_EMS\pweb_productList\pweb_saas\BI\node_modules\public_nodejs\express\lib\response.js:759:7)
