[2018-08-15 17:54:06.361] [ERROR] log_file - 获取restObjectService/queryObjectByClass的数据err："缺少必填项"
[2018-08-16 10:11:55.775] [ERROR] log_file - Error: ENOENT: no such file or directory, open 'E:\Web_EMS\pweb_productList\pweb_saas\BI\views\pages\components\recordListTemplate.html'
    at Object.fs.openSync (fs.js:646:18)
    at fs.readFileSync (fs.js:551:33)
    at Object.exports.parse (E:\Web_EMS\pweb_productList\pweb_saas\BI\node_modules\public_nodejs\ejs\lib\ejs.js:159:19)
    at exports.compile (E:\Web_EMS\pweb_productList\pweb_saas\BI\node_modules\public_nodejs\ejs\lib\ejs.js:223:15)
    at Object.exports.render (E:\Web_EMS\pweb_productList\pweb_saas\BI\node_modules\public_nodejs\ejs\lib\ejs.js:283:10)
    at View.exports.renderFile [as engine] (E:\Web_EMS\pweb_productList\pweb_saas\BI\node_modules\public_nodejs\ejs\lib\ejs.js:317:20)
    at View.render (E:\Web_EMS\pweb_productList\pweb_saas\BI\node_modules\public_nodejs\express\lib\view.js:76:8)
    at Function.app.render (E:\Web_EMS\pweb_productList\pweb_saas\BI\node_modules\public_nodejs\express\lib\application.js:506:10)
    at ServerResponse.res.render (E:\Web_EMS\pweb_productList\pweb_saas\BI\node_modules\public_nodejs\express\lib\response.js:759:7)
    at E:\Web_EMS\pweb_productList\pweb_saas\BI\controller\controller.js:27:8
[2018-08-21 09:36:09.531] [ERROR] log_file - 加载Array错误：Error: connect ECONNREFUSED 192.168.100.30:9000
    at Object._errnoException (util.js:1024:11)
    at _exceptionWithHostPort (util.js:1046:20)
    at TCPConnectWrap.afterConnect [as oncomplete] (net.js:1182:14)
[2018-08-21 09:36:09.535] [ERROR] log_file - 加载Date错误：Error: connect ECONNREFUSED 192.168.100.30:9000
    at Object._errnoException (util.js:1024:11)
    at _exceptionWithHostPort (util.js:1046:20)
    at TCPConnectWrap.afterConnect [as oncomplete] (net.js:1182:14)
[2018-08-21 09:36:09.537] [ERROR] log_file - 加载Math错误：Error: connect ECONNREFUSED 192.168.100.30:9000
    at Object._errnoException (util.js:1024:11)
    at _exceptionWithHostPort (util.js:1046:20)
    at TCPConnectWrap.afterConnect [as oncomplete] (net.js:1182:14)
[2018-08-21 09:36:09.539] [ERROR] log_file - 加载Number错误：Error: connect ECONNREFUSED 192.168.100.30:9000
    at Object._errnoException (util.js:1024:11)
    at _exceptionWithHostPort (util.js:1046:20)
    at TCPConnectWrap.afterConnect [as oncomplete] (net.js:1182:14)
[2018-08-21 09:36:09.541] [ERROR] log_file - 加载String错误：Error: connect ECONNREFUSED 192.168.100.30:9000
    at Object._errnoException (util.js:1024:11)
    at _exceptionWithHostPort (util.js:1046:20)
    at TCPConnectWrap.afterConnect [as oncomplete] (net.js:1182:14)
[2018-08-21 09:36:09.543] [ERROR] log_file - 加载pconst错误：Error: connect ECONNREFUSED 192.168.100.30:9000
    at Object._errnoException (util.js:1024:11)
    at _exceptionWithHostPort (util.js:1046:20)
    at TCPConnectWrap.afterConnect [as oncomplete] (net.js:1182:14)
[2018-08-21 09:36:09.545] [ERROR] log_file - 加载psecret错误：Error: connect ECONNREFUSED 192.168.100.30:9000
    at Object._errnoException (util.js:1024:11)
    at _exceptionWithHostPort (util.js:1046:20)
    at TCPConnectWrap.afterConnect [as oncomplete] (net.js:1182:14)
[2018-08-21 09:36:09.548] [ERROR] log_file - 加载ptool错误：Error: connect ECONNREFUSED 192.168.100.30:9000
    at Object._errnoException (util.js:1024:11)
    at _exceptionWithHostPort (util.js:1046:20)
    at TCPConnectWrap.afterConnect [as oncomplete] (net.js:1182:14)
[2018-09-04 11:56:57.901] [ERROR] log_file - TypeError: Cannot read property 'authorizations' of undefined
    at Object.responseTool.renderMain (E:\Web_EMS\pweb_productList\pweb_saas\BI\node_modules\common\responseTool.js:52:29)
    at E:\Web_EMS\pweb_productList\pweb_saas\BI\node_modules\common\publicRouter.js:111:22
    at callbacks (E:\Web_EMS\pweb_productList\pweb_saas\BI\node_modules\public_nodejs\express\lib\router\index.js:164:37)
    at param (E:\Web_EMS\pweb_productList\pweb_saas\BI\node_modules\public_nodejs\express\lib\router\index.js:138:11)
    at pass (E:\Web_EMS\pweb_productList\pweb_saas\BI\node_modules\public_nodejs\express\lib\router\index.js:145:5)
    at nextRoute (E:\Web_EMS\pweb_productList\pweb_saas\BI\node_modules\public_nodejs\express\lib\router\index.js:100:7)
    at callbacks (E:\Web_EMS\pweb_productList\pweb_saas\BI\node_modules\public_nodejs\express\lib\router\index.js:167:11)
    at E:\Web_EMS\pweb_productList\pweb_saas\BI\node_modules\common\publicRouter.js:24:16
    at callbacks (E:\Web_EMS\pweb_productList\pweb_saas\BI\node_modules\public_nodejs\express\lib\router\index.js:164:37)
    at param (E:\Web_EMS\pweb_productList\pweb_saas\BI\node_modules\public_nodejs\express\lib\router\index.js:138:11)
[2018-09-04 18:19:38.905] [ERROR] log_file - Process disconnected from parent !
[2018-09-11 10:51:50.406] [ERROR] log_file - ReferenceError: tool is not defined
    at E:\Web_EMS\pweb_productList\pweb_saas\BI\controller\controller.js:16:27
    at callbacks (E:\Web_EMS\pweb_productList\pweb_saas\BI\node_modules\public_nodejs\express\lib\router\index.js:164:37)
    at param (E:\Web_EMS\pweb_productList\pweb_saas\BI\node_modules\public_nodejs\express\lib\router\index.js:138:11)
    at pass (E:\Web_EMS\pweb_productList\pweb_saas\BI\node_modules\public_nodejs\express\lib\router\index.js:145:5)
    at nextRoute (E:\Web_EMS\pweb_productList\pweb_saas\BI\node_modules\public_nodejs\express\lib\router\index.js:100:7)
    at callbacks (E:\Web_EMS\pweb_productList\pweb_saas\BI\node_modules\public_nodejs\express\lib\router\index.js:167:11)
    at E:\Web_EMS\pweb_productList\pweb_saas\BI\node_modules\common\publicRouter.js:26:16
    at callbacks (E:\Web_EMS\pweb_productList\pweb_saas\BI\node_modules\public_nodejs\express\lib\router\index.js:164:37)
    at param (E:\Web_EMS\pweb_productList\pweb_saas\BI\node_modules\public_nodejs\express\lib\router\index.js:138:11)
    at pass (E:\Web_EMS\pweb_productList\pweb_saas\BI\node_modules\public_nodejs\express\lib\router\index.js:145:5)
[2018-09-11 10:52:13.794] [ERROR] log_file - TypeError: Cannot read property 'userSessionName' of undefined
    at E:\Web_EMS\pweb_productList\pweb_saas\BI\controller\controller.js:16:37
    at callbacks (E:\Web_EMS\pweb_productList\pweb_saas\BI\node_modules\public_nodejs\express\lib\router\index.js:164:37)
    at param (E:\Web_EMS\pweb_productList\pweb_saas\BI\node_modules\public_nodejs\express\lib\router\index.js:138:11)
    at pass (E:\Web_EMS\pweb_productList\pweb_saas\BI\node_modules\public_nodejs\express\lib\router\index.js:145:5)
    at nextRoute (E:\Web_EMS\pweb_productList\pweb_saas\BI\node_modules\public_nodejs\express\lib\router\index.js:100:7)
    at callbacks (E:\Web_EMS\pweb_productList\pweb_saas\BI\node_modules\public_nodejs\express\lib\router\index.js:167:11)
    at E:\Web_EMS\pweb_productList\pweb_saas\BI\node_modules\common\publicRouter.js:26:16
    at callbacks (E:\Web_EMS\pweb_productList\pweb_saas\BI\node_modules\public_nodejs\express\lib\router\index.js:164:37)
    at param (E:\Web_EMS\pweb_productList\pweb_saas\BI\node_modules\public_nodejs\express\lib\router\index.js:138:11)
    at pass (E:\Web_EMS\pweb_productList\pweb_saas\BI\node_modules\public_nodejs\express\lib\router\index.js:145:5)
